

times in msec
 clock   self+sourced   self:  sourced script
 clock   elapsed:              other lines

000.005  000.005: --- NVIM STARTING ---
000.063  000.057: event init
000.145  000.082: early init
000.394  000.249: locale set
000.426  000.032: init first window
000.626  000.201: inits 1
000.638  000.012: window checked
000.639  000.001: parsing arguments
000.915  000.057  000.057: require('vim.shared')
000.960  000.020  000.020: require('vim._options')
000.961  000.045  000.025: require('vim._editor')
000.962  000.124  000.022: require('vim._init_packages')
000.963  000.200: init lua interpreter
002.602  001.639: expanding arguments
002.636  000.034: inits 2
002.794  000.158: init highlight
002.795  000.001: waiting for UI
002.913  000.118: done waiting for UI
002.921  000.008: clear screen
003.035  000.113: init default mappings & autocommands
003.725  000.345  000.345: sourcing /opt/homebrew/Cellar/neovim/0.9.5/share/nvim/runtime/ftplugin.vim
004.074  000.237  000.237: sourcing /opt/homebrew/Cellar/neovim/0.9.5/share/nvim/runtime/indent.vim
005.188  000.573  000.573: require('utils')
005.383  000.002  000.002: require('knobs')
005.704  000.319  000.319: require('lazy')
005.726  000.010  000.010: require('ffi')
005.746  000.018  000.018: require('vim.loader')
005.817  000.020  000.020: require('vim.fs')
006.140  000.378  000.358: require('lazy.stats')
006.567  000.400  000.400: require('lazy.core.util')
006.885  000.316  000.316: require('lazy.core.config')
007.377  000.217  000.217: require('lazy.core.handler')
007.547  000.168  000.168: require('lazy.core.plugin')
007.555  000.669  000.284: require('lazy.core.loader')
007.932  000.176  000.176: require('load.core')
008.294  000.275  000.275: require('load.lsp')
008.533  000.180  000.180: require('load.git')
008.846  000.194  000.194: require('load.graphics')
009.218  000.083  000.083: require('lazy.core.handler.event')
009.219  000.183  000.100: require('lazy.core.handler.ft')
009.302  000.081  000.081: require('lazy.core.handler.cmd')
009.394  000.090  000.090: require('lazy.core.handler.keys')
009.898  000.329  000.329: sourcing /opt/homebrew/Cellar/neovim/0.9.5/share/nvim/runtime/filetype.lua
011.720  000.159  000.159: require('notify.util.queue')
011.723  000.387  000.228: require('notify.util')
011.929  000.205  000.205: require('notify.config.highlights')
011.932  001.033  000.441: require('notify.config')
012.332  000.149  000.149: require('notify.stages')
012.529  000.196  000.196: require('notify.service.notification')
013.067  000.084  000.084: require('notify.animate.spring')
013.068  000.178  000.094: require('notify.animate')
013.071  000.540  000.363: require('notify.windows')
013.405  000.188  000.188: require('notify.service.buffer.highlights')
013.407  000.264  000.076: require('notify.service.buffer')
013.408  000.337  000.073: require('notify.service')
013.490  000.081  000.081: require('notify.stages.util')
013.491  001.558  000.256: require('notify.instance')
013.493  003.294  000.703: require('notify')
013.686  000.137  000.137: require('notify.stages.fade_in_slide_out')
013.702  003.736  000.305: require('plugins.nvim-notify-cfg')
014.357  000.172  000.172: sourcing /Users/zlare/.local/share/nvim/lazy/nvim-web-devicons/plugin/nvim-web-devicons.vim
015.401  000.152  000.152: require('gitsigns.async')
015.554  000.151  000.151: require('gitsigns.debug.log')
015.752  000.197  000.197: require('gitsigns.config')
015.754  001.027  000.527: require('gitsigns')
016.126  000.277  000.277: require('gitsigns.highlight')
018.283  000.167  000.167: require('gitsigns.debounce')
018.296  000.006  000.006: require('vim.keymap')
018.368  003.854  002.377: require('plugins.gitsigns-cfg')
018.658  000.209  000.209: sourcing /Users/zlare/.local/share/nvim/lazy/barbar.nvim/plugin/barbar.lua
019.838  000.220  000.220: require('barbar.animate')
021.150  000.004  000.004: require('vim.F')
021.175  000.516  000.513: require('vim.diagnostic')
021.277  000.100  000.100: require('barbar.fs')
021.764  000.085  000.085: require('barbar.utils.table')
021.848  000.082  000.082: require('barbar.utils')
021.887  000.419  000.252: require('barbar.config')
021.962  000.074  000.074: require('barbar.utils.list')
021.969  000.691  000.198: require('barbar.buffer')
022.273  000.075  000.075: require('barbar.utils.highlight')
023.074  000.600  000.600: require('nvim-web-devicons.icons-default')
023.208  000.934  000.334: require('nvim-web-devicons')
023.218  001.091  000.082: require('barbar.icons')
023.224  001.254  000.163: require('barbar.ui.layout')
023.346  000.121  000.121: require('barbar.constants')
023.363  003.101  000.418: require('barbar.state')
023.367  003.528  000.427: require('barbar.bbye')
023.582  000.214  000.214: require('barbar.jump_mode')
023.929  000.113  000.113: require('barbar.ui.nodes')
023.937  000.354  000.241: require('barbar.ui.render')
023.947  004.620  000.305: require('barbar.api')
024.922  000.615  000.615: require('barbar.highlight')
024.931  000.983  000.367: require('barbar.events')
024.933  006.007  000.404: require('barbar')
041.231  022.499  016.492: require('plugins.barbar-cfg')
041.988  000.554  000.554: sourcing /Users/zlare/.local/share/nvim/lazy/beacon.nvim/plugin/beacon.vim
042.303  000.293  000.293: require('plugins.beacon-cfg')
043.778  000.119  000.119: require('mason-core.path')
044.345  000.170  000.170: require('mason-core.functional')
044.510  000.070  000.070: require('mason-core.functional.data')
044.513  000.153  000.083: require('mason-core.functional.function')
044.591  000.070  000.070: require('mason-core.functional.relation')
044.668  000.073  000.073: require('mason-core.functional.logic')
044.679  000.899  000.432: require('mason-core.platform')
044.768  000.088  000.088: require('mason.settings')
044.769  001.682  000.576: require('mason')
045.681  000.756  000.756: require('mason-core.functional.list')
045.778  000.094  000.094: require('mason-core.functional.string')
045.793  001.015  000.166: require('mason.api.command')
045.920  000.121  000.121: require('mason-registry.sources')
045.926  003.136  000.318: require('plugins.mason-cfg')
046.997  000.202  000.202: require('vim.lsp.log')
047.800  000.801  000.801: require('vim.lsp.protocol')
048.377  000.354  000.354: require('vim.lsp._snippet')
048.506  000.127  000.127: require('vim.highlight')
048.521  000.719  000.238: require('vim.lsp.util')
048.556  001.974  000.251: require('vim.lsp.handlers')
048.928  000.370  000.370: require('vim.lsp.rpc')
049.105  000.176  000.176: require('vim.lsp.sync')
049.474  000.369  000.369: require('vim.lsp.semantic_tokens')
049.680  000.203  000.203: require('vim.lsp.buf')
050.066  000.386  000.386: require('vim.lsp.diagnostic')
050.329  000.261  000.261: require('vim.lsp.codelens')
050.409  004.226  000.487: require('vim.lsp')
050.446  004.420  000.194: sourcing /Users/zlare/.local/share/nvim/lazy/nvim-lspconfig/plugin/lspconfig.lua
051.675  000.314  000.314: require('lspconfig.util')
051.765  000.088  000.088: require('lspconfig.async')
051.767  000.793  000.391: require('lspconfig.configs')
051.768  001.058  000.265: require('lspconfig')
051.911  000.141  000.141: require('lspconfig.server_configurations.clangd')
052.401  000.329  000.329: require('lspconfig.manager')
052.478  000.074  000.074: require('lspconfig.server_configurations.lua_ls')
052.647  000.078  000.078: require('lspconfig.server_configurations.rust_analyzer')
052.801  000.072  000.072: require('lspconfig.server_configurations.html')
052.959  000.086  000.086: require('lspconfig.server_configurations.ltex')
053.090  000.082  000.082: require('lspconfig.server_configurations.pyright')
053.318  000.121  000.121: require('lspconfig.server_configurations.cssls')
053.381  002.865  000.823: require('plugins.nvim-lspconfig-cfg')
054.013  000.219  000.219: require('nvim-navic.lib')
054.015  000.443  000.224: require('nvim-navic')
054.017  000.612  000.169: require('plugins.navic-cfg')
054.553  000.186  000.186: sourcing /Users/zlare/.local/share/nvim/lazy/plenary.nvim/plugin/plenary.vim
055.166  000.195  000.195: sourcing /Users/zlare/.local/share/nvim/lazy/neo-tree.nvim/plugin/neo-tree.vim
056.674  000.353  000.353: require('neo-tree.log')
056.749  000.074  000.074: require('neo-tree.utils.filesize.filesize')
056.761  000.706  000.280: require('neo-tree.utils')
056.763  001.350  000.644: require('neo-tree')
057.173  000.200  000.200: require('neo-tree.defaults')
057.295  000.121  000.121: require('neo-tree.setup.mapping-helper')
057.508  000.066  000.066: require('neo-tree.collections')
057.510  000.131  000.065: require('neo-tree.events.queue')
057.511  000.216  000.085: require('neo-tree.events')
058.087  000.205  000.205: require('plenary.bit')
058.159  000.071  000.071: require('plenary.functional')
058.179  000.514  000.238: require('plenary.path')
058.252  000.072  000.072: require('neo-tree.sources.filesystem.lib.globtopattern')
058.255  000.742  000.156: require('neo-tree.sources.common.file-nesting')
058.368  000.113  000.113: require('neo-tree.ui.highlights')
059.109  000.075  000.075: require('nui.object')
059.494  000.148  000.148: require('vim.version')
060.093  000.909  000.761: require('nui.utils')
060.131  001.022  000.113: require('nui.text')
060.134  001.176  000.080: require('nui.line')
060.457  000.101  000.101: require('nui.tree.util')
060.466  000.331  000.230: require('nui.tree')
060.760  000.093  000.093: require('nui.utils.buf_storage')
061.107  000.346  000.346: require('nui.utils.autocmd')
061.210  000.101  000.101: require('nui.utils.keymap')
061.476  000.165  000.165: require('nui.layout.utils')
061.479  000.269  000.104: require('nui.split.utils')
061.522  001.054  000.246: require('nui.split')
061.874  000.237  000.237: require('nui.popup.border')
061.888  000.365  000.128: require('nui.popup')
061.998  000.108  000.108: require('neo-tree.ui.popups')
062.080  000.081  000.081: require('neo-tree.ui.windows')
062.094  003.293  000.177: require('neo-tree.ui.renderer')
062.430  000.110  000.110: require('plenary.compat')
062.436  000.234  000.125: require('plenary.job')
062.440  000.345  000.110: require('neo-tree.sources.filesystem.lib.filter_external')
062.535  000.094  000.094: require('neo-tree.sources.common.file-items')
062.941  000.096  000.096: require('neo-tree.git.utils')
062.943  000.237  000.141: require('neo-tree.git.status')
063.034  000.091  000.091: require('neo-tree.git.ignored')
063.036  000.409  000.081: require('neo-tree.git')
063.041  000.505  000.096: require('neo-tree.sources.filesystem.lib.fs_watch')
063.461  000.082  000.082: require('plenary.tbl')
063.463  000.153  000.071: require('plenary.vararg.rotate')
063.464  000.234  000.081: require('plenary.vararg')
063.539  000.074  000.074: require('plenary.errors')
063.543  000.427  000.119: require('plenary.async.async')
063.853  000.080  000.080: require('plenary.async.structs')
063.858  000.166  000.086: require('plenary.async.control')
063.861  000.246  000.080: require('plenary.async.util')
063.864  000.320  000.074: require('plenary.async.tests')
063.865  000.824  000.077: require('plenary.async')
063.871  005.287  000.227: require('neo-tree.sources.filesystem.lib.fs_scan')
064.092  000.149  000.149: require('nui.input')
064.095  000.224  000.075: require('neo-tree.ui.inputs')
064.103  005.734  000.223: require('neo-tree.sources.manager')
064.536  000.167  000.167: require('neo-tree.command.parser')
064.752  000.215  000.215: require('neo-tree.command.completion')
064.761  000.523  000.141: require('neo-tree.command')
064.765  000.661  000.138: require('neo-tree.setup.netrw')
064.905  000.138  000.138: require('neo-tree.sources.common.hijack_cursor')
064.911  008.147  000.222: require('neo-tree.setup')
065.975  000.205  000.205: require('neo-tree.setup.deprecations')
068.558  000.305  000.305: require('neo-tree.sources.filesystem')
068.870  000.129  000.129: require('neo-tree.sources.buffers.lib.items')
068.873  000.310  000.181: require('neo-tree.sources.buffers')
069.026  000.073  000.073: require('neo-tree.sources.git_status.lib.items')
069.028  000.152  000.080: require('neo-tree.sources.git_status')
069.082  000.052  000.052: require('vim.inspect')
069.482  000.077  000.077: require('neo-tree.sources.common.container')
069.514  000.208  000.131: require('neo-tree.sources.common.components')
069.538  000.359  000.151: require('neo-tree.sources.buffers.components')
070.873  000.950  000.950: require('plenary.scandir')
070.975  000.101  000.101: require('plenary')
070.980  001.268  000.217: require('neo-tree.sources.filesystem.lib.fs_actions')
071.059  000.078  000.078: require('neo-tree.sources.common.help')
071.148  000.088  000.088: require('neo-tree.sources.common.preview')
071.217  000.069  000.069: require('neo-tree.sources.common.node_expander')
071.225  001.609  000.107: require('neo-tree.sources.common.commands')
071.267  001.728  000.119: require('neo-tree.sources.buffers.commands')
071.457  000.069  000.069: require('neo-tree.sources.filesystem.components')
071.748  000.121  000.121: require('neo-tree.sources.filesystem.lib.filter')
071.774  000.312  000.191: require('neo-tree.sources.filesystem.commands')
071.948  000.079  000.079: require('neo-tree.sources.git_status.components')
072.035  000.086  000.086: require('neo-tree.sources.git_status.commands')
073.069  017.870  004.716: require('plugins.neo-tree-cfg')
074.414  000.198  000.198: require('ibl.utils')
074.419  000.509  000.311: require('ibl.config')
074.735  000.153  000.153: require('ibl.indent')
074.738  000.318  000.166: require('ibl.hooks')
074.740  000.992  000.165: require('ibl.highlights')
074.938  000.198  000.198: require('ibl.autocmds')
075.166  000.227  000.227: require('ibl.inlay_hints')
075.233  000.066  000.066: require('ibl.virt_text')
075.560  000.218  000.218: require('ibl.scope_languages')
075.562  000.328  000.109: require('ibl.scope')
075.565  002.404  000.594: require('ibl')
076.683  000.186  000.186: require('mason-core.log')
076.819  000.134  000.134: require('mason-lspconfig.settings')
076.820  000.874  000.555: require('mason-lspconfig')
077.177  000.199  000.199: require('mason-lspconfig.notify')
077.180  000.351  000.152: require('mason-lspconfig.lspconfig_hook')
077.451  000.078  000.078: require('mason-core.functional.table')
077.524  000.343  000.265: require('mason-lspconfig.mappings.server')
077.766  000.070  000.070: require('mason-core.EventEmitter')
077.836  000.069  000.069: require('mason-core.optional')
078.474  000.567  000.567: require('mason-core.async')
078.544  000.069  000.069: require('mason-core.async.uv')
078.548  000.711  000.075: require('mason-core.fs')
078.563  001.039  000.189: require('mason-registry')
078.716  000.151  000.151: require('mason-lspconfig.server_config_extensions')
078.895  000.177  000.177: require('lspconfig.server_configurations.omnisharp')
079.181  000.273  000.273: require('mason-lspconfig.ensure_installed')
079.344  000.073  000.073: require('mason-core.result')
079.584  000.098  000.098: require('mason-core.process')
079.686  000.101  000.101: require('mason-core.spawn')
079.687  000.273  000.074: require('mason-core.managers.powershell')
079.751  000.063  000.063: require('mason.version')
079.753  000.407  000.071: require('mason-core.fetch')
079.840  000.086  000.086: require('mason-core.providers')
080.250  000.138  000.138: require('mason-core.purl')
080.256  000.325  000.187: require('mason-core.package')
080.549  000.075  000.075: require('mason-core.installer.registry.expr')
080.553  000.214  000.140: require('mason-core.installer.registry.link')
081.470  000.237  000.237: require('mason-core.receipt')
081.496  000.379  000.142: require('mason-core.installer.context')
081.639  000.141  000.141: require('mason-core.async.control')
081.798  000.158  000.158: require('mason-core.installer.linker')
081.802  001.102  000.423: require('mason-core.installer')
081.819  001.195  000.094: require('mason-core.installer.managers.std')
081.820  001.266  000.071: require('mason-core.installer.registry.schemas')
081.928  000.107  000.107: require('mason-core.installer.registry.util')
081.938  001.681  000.093: require('mason-core.installer.registry')
081.946  002.105  000.099: require('mason-registry.sources.util')
081.957  002.772  000.101: require('mason-registry.sources.github')
086.033  000.119  000.119: require('mason-core.functional.number')
086.055  000.299  000.180: require('mason-lspconfig.api.command')
086.056  010.317  004.039: require('plugins.mason-lspconfig-cfg')
087.339  000.150  000.150: require('nvim-treesitter.utils')
088.526  000.132  000.132: require('vim.treesitter.language')
088.566  000.428  000.296: require('vim.treesitter.query')
088.708  000.141  000.141: require('vim.treesitter._range')
088.719  000.847  000.277: require('vim.treesitter.languagetree')
088.725  001.125  000.278: require('vim.treesitter')
089.517  002.177  001.052: require('nvim-treesitter.parsers')
090.671  000.384  000.384: require('nvim-treesitter.compat')
091.409  000.449  000.449: require('nvim-treesitter.ts_utils')
091.422  000.748  000.299: require('nvim-treesitter.tsrange')
091.547  000.125  000.125: require('nvim-treesitter.caching')
091.577  001.555  000.299: require('nvim-treesitter.query')
091.609  001.815  000.259: require('nvim-treesitter.configs')
091.625  002.106  000.292: require('nvim-treesitter.info')
091.982  000.356  000.356: require('nvim-treesitter.shell_command_selectors')
092.135  005.236  000.446: require('nvim-treesitter.install')
092.497  000.360  000.360: require('nvim-treesitter.statusline')
092.971  000.473  000.473: require('nvim-treesitter.query_predicates')
092.973  006.613  000.544: require('nvim-treesitter')
093.527  007.328  000.715: sourcing /Users/zlare/.local/share/nvim/lazy/nvim-treesitter/plugin/nvim-treesitter.lua
095.094  000.271  000.271: require('nvim-treesitter.highlight')
095.532  000.346  000.346: require('nvim-treesitter.indent')
095.571  002.002  001.386: require('plugins.nvim-treesitter-cfg')
096.661  000.230  000.230: require('Comment.config')
097.089  000.226  000.226: require('Comment.ft')
097.095  000.433  000.207: require('Comment.utils')
097.176  000.080  000.080: require('Comment.opfunc')
097.243  000.066  000.066: require('Comment.extra')
097.245  001.412  000.603: require('Comment.api')
097.361  001.671  000.260: sourcing /Users/zlare/.local/share/nvim/lazy/Comment.nvim/plugin/Comment.lua
097.615  000.074  000.074: require('Comment')
097.688  000.307  000.233: require('plugins.comment-cfg')
098.661  000.512  000.512: require('ufo')
100.439  000.221  000.221: require('mason-lspconfig.server_configurations.ltex')
102.039  000.158  000.158: require('ufo.lib.disposable')
102.330  000.289  000.289: require('ufo.lib.log')
102.332  000.605  000.159: require('ufo.lib.event')
102.516  000.183  000.183: require('ufo.utils')
102.885  000.081  000.081: require('promise-async.utils')
102.956  000.070  000.070: require('promise-async.error')
103.035  000.075  000.075: require('promise-async.loop')
103.038  000.434  000.209: require('promise')
103.040  000.522  000.089: require('ufo.provider')
103.303  000.108  000.108: require('ufo.config')
103.472  000.072  000.072: require('promise-async.compat')
103.474  000.169  000.097: require('async')
103.908  000.073  000.073: require('ufo.model.buffer')
103.971  000.062  000.062: require('ufo.model.foldedline')
103.974  000.343  000.207: require('ufo.model.foldbuffer')
104.039  000.064  000.064: require('ufo.bufmanager')
104.204  000.100  000.100: require('ufo.wffi')
104.206  000.165  000.065: require('ufo.fold.driver')
104.207  000.732  000.160: require('ufo.fold.manager')
104.279  000.069  000.069: require('ufo.lib.debounce')
104.292  001.252  000.173: require('ufo.fold')
104.582  000.070  000.070: require('ufo.model.window')
104.734  000.073  000.073: require('ufo.highlight')
104.798  000.063  000.063: require('ufo.render.extmark')
105.037  000.174  000.174: require('vim.treesitter.highlighter')
105.038  000.239  000.065: require('ufo.render.treesitter')
105.112  000.074  000.074: require('ufo.render.match')
105.114  000.531  000.082: require('ufo.render')
105.117  000.824  000.223: require('ufo.decorator')
105.331  000.081  000.081: require('ufo.preview.floatwin')
105.401  000.069  000.069: require('ufo.preview.scrollbar')
105.463  000.062  000.062: require('ufo.preview.winbar')
105.534  000.069  000.069: require('ufo.preview.keymap')
105.565  000.446  000.166: require('ufo.preview')
105.568  004.091  000.258: require('ufo.main')
105.698  007.729  002.905: require('plugins.ufo-cfg')
106.724  000.217  000.217: require('lualine_require')
107.199  001.271  001.055: require('lualine')
108.208  000.239  000.239: require('lualine.highlight')
111.575  000.205  000.205: require('lualine.utils.mode')
111.831  006.089  004.373: require('plugins.lualine-cfg')
112.190  000.217  000.217: sourcing /opt/homebrew/Cellar/neovim/0.9.5/share/nvim/runtime/plugin/editorconfig.lua
112.432  000.198  000.198: sourcing /opt/homebrew/Cellar/neovim/0.9.5/share/nvim/runtime/plugin/gzip.vim
112.594  000.118  000.118: sourcing /opt/homebrew/Cellar/neovim/0.9.5/share/nvim/runtime/plugin/health.vim
112.836  000.203  000.203: sourcing /opt/homebrew/Cellar/neovim/0.9.5/share/nvim/runtime/plugin/man.lua
113.756  000.116  000.116: sourcing /opt/homebrew/Cellar/neovim/0.9.5/share/nvim/runtime/pack/dist/opt/matchit/plugin/matchit.vim
113.835  000.960  000.844: sourcing /opt/homebrew/Cellar/neovim/0.9.5/share/nvim/runtime/plugin/matchit.vim
113.980  000.106  000.106: sourcing /opt/homebrew/Cellar/neovim/0.9.5/share/nvim/runtime/plugin/matchparen.vim
114.204  000.185  000.185: sourcing /opt/homebrew/Cellar/neovim/0.9.5/share/nvim/runtime/plugin/netrwPlugin.vim
114.392  000.143  000.143: sourcing /opt/homebrew/Cellar/neovim/0.9.5/share/nvim/runtime/plugin/nvim.lua
114.548  000.113  000.113: sourcing /opt/homebrew/Cellar/neovim/0.9.5/share/nvim/runtime/plugin/rplugin.vim
114.644  000.052  000.052: sourcing /opt/homebrew/Cellar/neovim/0.9.5/share/nvim/runtime/plugin/shada.vim
114.754  000.032  000.032: sourcing /opt/homebrew/Cellar/neovim/0.9.5/share/nvim/runtime/plugin/spellfile.vim
114.891  000.067  000.067: sourcing /opt/homebrew/Cellar/neovim/0.9.5/share/nvim/runtime/plugin/tarPlugin.vim
115.028  000.063  000.063: sourcing /opt/homebrew/Cellar/neovim/0.9.5/share/nvim/runtime/plugin/tohtml.vim
115.130  000.032  000.032: sourcing /opt/homebrew/Cellar/neovim/0.9.5/share/nvim/runtime/plugin/tutor.vim
115.306  000.121  000.121: sourcing /opt/homebrew/Cellar/neovim/0.9.5/share/nvim/runtime/plugin/zipPlugin.vim
115.662  000.202  000.202: sourcing /Users/zlare/.local/share/nvim/lazy/indent-blankline.nvim/after/plugin/commands.lua
115.748  111.352  005.898: require('setup')
116.301  000.199  000.199: require('catppuccin')
116.697  000.147  000.147: require('catppuccin.lib.hashing')
118.629  001.040  001.040: sourcing /Users/zlare/.local/share/nvim/lazy/catppuccin/colors/catppuccin.vim
121.055  000.200  000.200: require('catppuccin.utils.lualine')
121.219  000.159  000.159: require('catppuccin.palettes')
121.368  000.148  000.148: require('catppuccin.palettes.mocha')
122.019  006.096  004.203: require('plugins.catppuccin-cfg')
122.020  006.270  000.174: require('setup-updates')
123.783  000.161  000.161: sourcing /Users/zlare/.config/nvim/after/ftplugin/neo-tree.lua
128.529  000.364  000.364: require('gitsigns.util')
129.005  000.272  000.272: require('gitsigns.system.compat')
129.007  000.475  000.203: require('gitsigns.system')
129.096  000.088  000.088: require('gitsigns.message')
129.191  000.093  000.093: require('gitsigns.git.version')
129.198  001.344  000.324: require('gitsigns.git')
129.549  000.121  000.121: require('gitsigns.cache')
129.645  000.094  000.094: require('gitsigns.signs')
129.739  000.092  000.092: require('gitsigns.status')
129.814  000.074  000.074: require('gitsigns.diff')
130.009  000.194  000.194: require('gitsigns.hunks')
130.020  000.821  000.245: require('gitsigns.manager')
130.027  002.503  000.338: require('gitsigns.attach')
130.313  000.208  000.208: require('gitsigns.current_line_blame')
130.807  000.381  000.381: require('editorconfig')
132.479  010.458  007.206: require('setup-final-fixes')
132.482  128.253  000.173: sourcing /Users/zlare/.config/nvim/init.lua
132.492  000.622: sourcing vimrc file(s)
132.775  000.079  000.079: sourcing /opt/homebrew/Cellar/neovim/0.9.5/share/nvim/runtime/filetype.lua
133.493  000.273  000.273: sourcing /opt/homebrew/Cellar/neovim/0.9.5/share/nvim/runtime/syntax/synload.vim
133.886  001.002  000.728: sourcing /opt/homebrew/Cellar/neovim/0.9.5/share/nvim/runtime/syntax/syntax.vim
133.894  000.321: inits 3
135.755  001.861: reading ShaDa
137.144  001.389: opening buffers
138.984  001.840: BufEnter autocommands
138.986  000.002: editing files in windows
139.269  000.283: VimEnter autocommands
139.321  000.051: UIEnter autocommands
139.779  000.310  000.310: sourcing /opt/homebrew/Cellar/neovim/0.9.5/share/nvim/runtime/autoload/provider/clipboard.vim
139.785  000.154: before starting main loop
140.243  000.458: first screen update
140.244  000.001: --- NVIM STARTED ---


times in msec
 clock   self+sourced   self:  sourced script
 clock   elapsed:              other lines

000.015  000.015: --- NVIM STARTING ---
000.356  000.341: event init
000.629  000.273: early init
001.015  000.386: locale set
001.055  000.040: init first window
001.315  000.260: inits 1
001.320  000.005: window checked
001.322  000.001: parsing arguments
001.903  000.028  000.028: require('vim.shared')
001.960  000.022  000.022: require('vim._options')
001.961  000.056  000.034: require('vim._editor')
001.961  000.118  000.034: require('vim._init_packages')
001.962  000.523: init lua interpreter
002.252  000.289: expanding arguments
002.265  000.013: inits 2
002.423  000.158: init highlight
